Determining if the pthread_create exist failed with the following output:
Change Dir: /home/kejia/catkin_new/src/manager_node/qt/CMakeFiles/CMakeTmp

Run Build Command:/usr/bin/make "cmTryCompileExec1162040902/fast"
/usr/bin/make -f CMakeFiles/cmTryCompileExec1162040902.dir/build.make CMakeFiles/cmTryCompileExec1162040902.dir/build
make[1]: Entering directory `/home/kejia/catkin_new/src/manager_node/qt/CMakeFiles/CMakeTmp'
/usr/bin/cmake -E cmake_progress_report /home/kejia/catkin_new/src/manager_node/qt/CMakeFiles/CMakeTmp/CMakeFiles 1
Building C object CMakeFiles/cmTryCompileExec1162040902.dir/CheckSymbolExists.c.o
/usr/bin/cc    -o CMakeFiles/cmTryCompileExec1162040902.dir/CheckSymbolExists.c.o   -c /home/kejia/catkin_new/src/manager_node/qt/CMakeFiles/CMakeTmp/CheckSymbolExists.c
Linking C executable cmTryCompileExec1162040902
/usr/bin/cmake -E cmake_link_script CMakeFiles/cmTryCompileExec1162040902.dir/link.txt --verbose=1
/usr/bin/cc       CMakeFiles/cmTryCompileExec1162040902.dir/CheckSymbolExists.c.o  -o cmTryCompileExec1162040902 -rdynamic 
CMakeFiles/cmTryCompileExec1162040902.dir/CheckSymbolExists.c.o: In function `main':
CheckSymbolExists.c:(.text+0x16): undefined reference to `pthread_create'
collect2: error: ld returned 1 exit status
make[1]: *** [cmTryCompileExec1162040902] Error 1
make[1]: Leaving directory `/home/kejia/catkin_new/src/manager_node/qt/CMakeFiles/CMakeTmp'
make: *** [cmTryCompileExec1162040902/fast] Error 2

File /home/kejia/catkin_new/src/manager_node/qt/CMakeFiles/CMakeTmp/CheckSymbolExists.c:
/* */
#include <pthread.h>

int main(int argc, char** argv)
{
  (void)argv;
#ifndef pthread_create
  return ((int*)(&pthread_create))[argc];
#else
  (void)argc;
  return 0;
#endif
}

Determining if the function pthread_create exists in the pthreads failed with the following output:
Change Dir: /home/kejia/catkin_new/src/manager_node/qt/CMakeFiles/CMakeTmp

Run Build Command:/usr/bin/make "cmTryCompileExec190764913/fast"
/usr/bin/make -f CMakeFiles/cmTryCompileExec190764913.dir/build.make CMakeFiles/cmTryCompileExec190764913.dir/build
make[1]: Entering directory `/home/kejia/catkin_new/src/manager_node/qt/CMakeFiles/CMakeTmp'
/usr/bin/cmake -E cmake_progress_report /home/kejia/catkin_new/src/manager_node/qt/CMakeFiles/CMakeTmp/CMakeFiles 1
Building C object CMakeFiles/cmTryCompileExec190764913.dir/CheckFunctionExists.c.o
/usr/bin/cc   -DCHECK_FUNCTION_EXISTS=pthread_create   -o CMakeFiles/cmTryCompileExec190764913.dir/CheckFunctionExists.c.o   -c /usr/share/cmake-2.8/Modules/CheckFunctionExists.c
Linking C executable cmTryCompileExec190764913
/usr/bin/cmake -E cmake_link_script CMakeFiles/cmTryCompileExec190764913.dir/link.txt --verbose=1
/usr/bin/cc   -DCHECK_FUNCTION_EXISTS=pthread_create    CMakeFiles/cmTryCompileExec190764913.dir/CheckFunctionExists.c.o  -o cmTryCompileExec190764913 -rdynamic -lpthreads 
/usr/bin/ld: cannot find -lpthreads
collect2: error: ld returned 1 exit status
make[1]: *** [cmTryCompileExec190764913] Error 1
make[1]: Leaving directory `/home/kejia/catkin_new/src/manager_node/qt/CMakeFiles/CMakeTmp'
make: *** [cmTryCompileExec190764913/fast] Error 2


